Job stared...
Logging to ./workdir/h2e_rot90_wt_fives_64_192ch_3b_vp
creating model and diffusion...
Initializing G weight tied equiv. cnn layer: C4
Initializing G weight tied equiv. cnn layer: C4
Initializing G weight tied equiv. cnn layer: C4
Initializing G weight tied equiv. cnn layer: C4
Initializing G weight tied equiv. cnn layer: C4
Initializing G weight tied equiv. cnn layer: C4
Initializing G weight tied equiv. cnn layer: C4
Initializing G weight tied equiv. cnn layer: C4
Initializing G weight tied equiv. cnn layer: C4
Initializing G weight tied equiv. cnn layer: C4
Initializing G weight tied equiv. cnn layer: C4
Initializing G weight tied equiv. cnn layer: C4
Initializing G weight tied equiv. cnn layer: C4
Initializing G weight tied equiv. cnn layer: C4
Initializing G weight tied equiv. cnn layer: C4
Initializing G weight tied equiv. cnn layer: C4
Initializing G weight tied equiv. cnn layer: C4
Initializing G weight tied equiv. cnn layer: C4
Initializing G weight tied equiv. cnn layer: C4
Initializing G weight tied equiv. cnn layer: C4
Initializing G weight tied equiv. cnn layer: C4
Initializing G weight tied equiv. cnn layer: C4
Initializing G weight tied equiv. cnn layer: C4
Initializing G weight tied equiv. cnn layer: C4
Initializing G weight tied equiv. cnn layer: C4
Initializing G weight tied equiv. cnn layer: C4
Initializing G weight tied equiv. cnn layer: C4
Initializing G weight tied equiv. cnn layer: C4
Initializing G weight tied equiv. cnn layer: C4
Initializing G weight tied equiv. cnn layer: C4
Initializing G weight tied equiv. cnn layer: C4
Initializing G weight tied equiv. cnn layer: C4
Initializing G weight tied equiv. cnn layer: C4
Initializing G weight tied equiv. cnn layer: C4
Initializing G weight tied equiv. cnn layer: C4
Initializing G weight tied equiv. cnn layer: C4
Initializing G weight tied equiv. cnn layer: C4
Initializing G weight tied equiv. cnn layer: C4
Initializing G weight tied equiv. cnn layer: C4
Initializing G weight tied equiv. cnn layer: C4
Initializing G weight tied equiv. cnn layer: C4
Initializing G weight tied equiv. cnn layer: C4
Initializing G weight tied equiv. cnn layer: C4
Initializing G weight tied equiv. cnn layer: C4
Initializing G weight tied equiv. cnn layer: C4
Initializing G weight tied equiv. cnn layer: C4
Initializing G weight tied equiv. cnn layer: C4
Initializing G weight tied equiv. cnn layer: C4
Initializing G weight tied equiv. cnn layer: C4
Initializing G weight tied equiv. cnn layer: C4
Initializing G weight tied equiv. cnn layer: C4
Initializing G weight tied equiv. cnn layer: C4
Initializing G weight tied equiv. cnn layer: C4
Initializing G weight tied equiv. cnn layer: C4
Initializing G weight tied equiv. cnn layer: C4
Initializing G weight tied equiv. cnn layer: C4
Initializing G weight tied equiv. cnn layer: C4
Initializing G weight tied equiv. cnn layer: C4
Initializing G weight tied equiv. cnn layer: C4
Initializing G weight tied equiv. cnn layer: C4
Initializing G weight tied equiv. cnn layer: C4
Initializing G weight tied equiv. cnn layer: C4
Initializing G weight tied equiv. cnn layer: C4
Initializing G weight tied equiv. cnn layer: C4
Initializing G weight tied equiv. cnn layer: C4
Initializing G weight tied equiv. cnn layer: C4
Initializing G weight tied equiv. cnn layer: C4
Initializing G weight tied equiv. cnn layer: C4
Initializing G weight tied equiv. cnn layer: C4
Initializing G weight tied equiv. cnn layer: C4
Initializing G weight tied equiv. cnn layer: C4
Initializing G weight tied equiv. cnn layer: C4
Initializing G weight tied equiv. cnn layer: C4
Initializing G weight tied equiv. cnn layer: C4
Initializing G weight tied equiv. cnn layer: C4
Initializing G weight tied equiv. cnn layer: C4
Initializing G weight tied equiv. cnn layer: C4
Initializing G weight tied equiv. cnn layer: C4
Initializing G weight tied equiv. cnn layer: C4
Initializing G weight tied equiv. cnn layer: C4
Initializing G weight tied equiv. cnn layer: C4
Initializing G weight tied equiv. cnn layer: C4
Initializing G weight tied equiv. cnn layer: C4
Initializing G weight tied equiv. cnn layer: C4
Initializing G weight tied equiv. cnn layer: C4
Initializing G weight tied equiv. cnn layer: C4
Initializing G weight tied equiv. cnn layer: C4
Initializing G weight tied equiv. cnn layer: C4
Initializing G weight tied equiv. cnn layer: C4
Initializing G weight tied equiv. cnn layer: C4
Initializing G weight tied equiv. cnn layer: C4
Initializing G weight tied equiv. cnn layer: C4
Initializing G weight tied equiv. cnn layer: C4
Initializing G weight tied equiv. cnn layer: C4
Initializing G weight tied equiv. cnn layer: C4
Initializing G weight tied equiv. cnn layer: C4
Initializing G weight tied equiv. cnn layer: C4
Initializing G weight tied equiv. cnn layer: C4
Initializing G weight tied equiv. cnn layer: C4
Initializing G weight tied equiv. cnn layer: C4
Initializing G weight tied equiv. cnn layer: C4
Initializing G weight tied equiv. cnn layer: C4
Initializing G weight tied equiv. cnn layer: C4
Initializing G weight tied equiv. cnn layer: C4
Initializing G weight tied equiv. cnn layer: C4
Initializing G weight tied equiv. cnn layer: C4
Initializing G weight tied equiv. cnn layer: C4
Initializing G weight tied equiv. cnn layer: C4
Initializing G weight tied equiv. cnn layer: C4
Initializing G weight tied equiv. cnn layer: C4
Initializing G weight tied equiv. cnn layer: C4
Initializing G weight tied equiv. cnn layer: C4
Initializing G weight tied equiv. cnn layer: C4
Initializing G weight tied equiv. cnn layer: C4
Initializing G weight tied equiv. cnn layer: C4
Initializing G weight tied equiv. cnn layer: C4
Initializing G weight tied equiv. cnn layer: C4
Initializing G weight tied equiv. cnn layer: C4
Initializing G weight tied equiv. cnn layer: C4
Initializing G weight tied equiv. cnn layer: C4
Initializing G weight tied equiv. cnn layer: C4
Initializing G weight tied equiv. cnn layer: C4
Initializing G weight tied equiv. cnn layer: C4
Initializing G weight tied equiv. cnn layer: C4
Initializing G weight tied equiv. cnn layer: C4
Initializing G weight tied equiv. cnn layer: C4
Initializing G weight tied equiv. cnn layer: C4
Initializing G weight tied equiv. cnn layer: C4
Initializing G weight tied equiv. cnn layer: C4
Initializing G weight tied equiv. cnn layer: C4
Initializing G weight tied equiv. cnn layer: C4
Initializing G weight tied equiv. cnn layer: C4
Initializing G weight tied equiv. cnn layer: C4
Initializing G weight tied equiv. cnn layer: C4
Initializing G weight tied equiv. cnn layer: C4
Initializing G weight tied equiv. cnn layer: C4
Initializing G weight tied equiv. cnn layer: C4
creating data loader...
training...
